<?xml version="1.0" encoding="UTF-8"?>
<testng-results ignored="0" total="1" passed="1" failed="0" skipped="0">
  <reporter-output>
  </reporter-output>
  <suite started-at="2024-03-22T18:09:28 IST" name="Default suite" finished-at="2024-03-22T18:09:43 IST" duration-ms="15764">
    <groups>
    </groups>
    <test started-at="2024-03-22T18:09:28 IST" name="Default test" finished-at="2024-03-22T18:09:43 IST" duration-ms="15764">
      <class name="AdvancePackage.test1">
        <test-method signature="CreateOrgTest()[pri:0, instance:AdvancePackage.test1@769f71a9]" started-at="2024-03-22T18:09:28 IST" name="CreateOrgTest" finished-at="2024-03-22T18:09:43 IST" duration-ms="15727" status="PASS">
          <reporter-output>
          </reporter-output>
        </test-method> <!-- CreateOrgTest -->
      </class> <!-- AdvancePackage.test1 -->
    </test> <!-- Default test -->
  </suite> <!-- Default suite -->
</testng-results>
